# JRE version: OpenJDK Runtime Environment (11.0.6+10) (build 11.0.6+10)
# Java VM: OpenJDK 64-Bit Server VM (11.0.6+10, mixed mode, tiered, compressed oops, g1 gc, windows-amd64)
Heap:
 garbage-first heap   total 131072K, used 14512K [0x0000000081c00000, 0x0000000100000000)
  region size 1024K, 6 young (6144K), 6 survivors (6144K)
 Metaspace       used 30626K, capacity 31831K, committed 31920K, reserved 1095680K
  class space    used 3779K, capacity 4300K, committed 4352K, reserved 1048576K
GC Heap History (14 events):
Event: 2.658 GC heap before
{Heap before GC invocations=0 (full 0):
 garbage-first heap   total 131072K, used 24576K [0x0000000081c00000, 0x0000000100000000)
  region size 1024K, 24 young (24576K), 0 survivors (0K)
 Metaspace       used 13501K, capacity 13801K, committed 13824K, reserved 1060864K
  class space    used 1394K, capacity 1514K, committed 1536K, reserved 1048576K
}
Event: 2.672 GC heap after
{Heap after GC invocations=1 (full 0):
 garbage-first heap   total 131072K, used 7081K [0x0000000081c00000, 0x0000000100000000)
  region size 1024K, 3 young (3072K), 3 survivors (3072K)
 Metaspace       used 13501K, capacity 13801K, committed 13824K, reserved 1060864K
  class space    used 1394K, capacity 1514K, committed 1536K, reserved 1048576K
}
Event: 3.004 GC heap before
{Heap before GC invocations=1 (full 0):
 garbage-first heap   total 131072K, used 25513K [0x0000000081c00000, 0x0000000100000000)
  region size 1024K, 22 young (22528K), 3 survivors (3072K)
 Metaspace       used 14568K, capacity 14902K, committed 15104K, reserved 1062912K
  class space    used 1531K, capacity 1671K, committed 1792K, reserved 1048576K
}
Event: 3.010 GC heap after
{Heap after GC invocations=2 (full 0):
 garbage-first heap   total 131072K, used 7779K [0x0000000081c00000, 0x0000000100000000)
  region size 1024K, 1 young (1024K), 1 survivors (1024K)
 Metaspace       used 14568K, capacity 14902K, committed 15104K, reserved 1062912K
  class space    used 1531K, capacity 1671K, committed 1792K, reserved 1048576K
}
Event: 3.697 GC heap before
{Heap before GC invocations=2 (full 0):
 garbage-first heap   total 131072K, used 56931K [0x0000000081c00000, 0x0000000100000000)
  region size 1024K, 50 young (51200K), 1 survivors (1024K)
 Metaspace       used 18122K, capacity 18607K, committed 18944K, reserved 1067008K
  class space    used 1992K, capacity 2189K, committed 2304K, reserved 1048576K
}
Event: 3.700 GC heap after
{Heap after GC invocations=3 (full 0):
 garbage-first heap   total 131072K, used 8800K [0x0000000081c00000, 0x0000000100000000)
  region size 1024K, 2 young (2048K), 2 survivors (2048K)
 Metaspace       used 18122K, capacity 18607K, committed 18944K, reserved 1067008K
  class space    used 1992K, capacity 2189K, committed 2304K, reserved 1048576K
}
Event: 4.003 GC heap before
{Heap before GC invocations=3 (full 0):
 garbage-first heap   total 131072K, used 26208K [0x0000000081c00000, 0x0000000100000000)
  region size 1024K, 20 young (20480K), 2 survivors (2048K)
 Metaspace       used 20495K, capacity 21148K, committed 21296K, reserved 1069056K
  class space    used 2364K, capacity 2627K, committed 2688K, reserved 1048576K
}
Event: 4.006 GC heap after
{Heap after GC invocations=4 (full 0):
 garbage-first heap   total 131072K, used 9695K [0x0000000081c00000, 0x0000000100000000)
  region size 1024K, 3 young (3072K), 3 survivors (3072K)
 Metaspace       used 20495K, capacity 21148K, committed 21296K, reserved 1069056K
  class space    used 2364K, capacity 2627K, committed 2688K, reserved 1048576K
}
Event: 4.765 GC heap before
{Heap before GC invocations=5 (full 0):
 garbage-first heap   total 131072K, used 79327K [0x0000000081c00000, 0x0000000100000000)
  region size 1024K, 72 young (73728K), 3 survivors (3072K)
 Metaspace       used 25039K, capacity 25968K, committed 26032K, reserved 1073152K
  class space    used 2960K, capacity 3322K, committed 3328K, reserved 1048576K
}
Event: 4.771 GC heap after
{Heap after GC invocations=6 (full 0):
 garbage-first heap   total 131072K, used 11171K [0x0000000081c00000, 0x0000000100000000)
  region size 1024K, 4 young (4096K), 4 survivors (4096K)
 Metaspace       used 25039K, capacity 25968K, committed 26032K, reserved 1073152K
  class space    used 2960K, capacity 3322K, committed 3328K, reserved 1048576K
}
Event: 5.944 GC heap before
{Heap before GC invocations=6 (full 0):
 garbage-first heap   total 131072K, used 83875K [0x0000000081c00000, 0x0000000100000000)
  region size 1024K, 76 young (77824K), 4 survivors (4096K)
 Metaspace       used 29159K, capacity 30312K, committed 30384K, reserved 1083392K
  class space    used 3575K, capacity 4060K, committed 4096K, reserved 1048576K
}
Event: 5.951 GC heap after
{Heap after GC invocations=7 (full 0):
 garbage-first heap   total 131072K, used 13412K [0x0000000081c00000, 0x0000000100000000)
  region size 1024K, 6 young (6144K), 6 survivors (6144K)
 Metaspace       used 29159K, capacity 30312K, committed 30384K, reserved 1083392K
  class space    used 3575K, capacity 4060K, committed 4096K, reserved 1048576K
}
Event: 6.186 GC heap before
{Heap before GC invocations=7 (full 0):
 garbage-first heap   total 131072K, used 26724K [0x0000000081c00000, 0x0000000100000000)
  region size 1024K, 20 young (20480K), 6 survivors (6144K)
 Metaspace       used 30626K, capacity 31831K, committed 31920K, reserved 1093632K
  class space    used 3779K, capacity 4300K, committed 4352K, reserved 1048576K
}
Event: 6.198 GC heap after
{Heap after GC invocations=8 (full 0):
 garbage-first heap   total 131072K, used 14512K [0x0000000081c00000, 0x0000000100000000)
  region size 1024K, 6 young (6144K), 6 survivors (6144K)
 Metaspace       used 30626K, capacity 31831K, committed 31920K, reserved 1093632K
  class space    used 3779K, capacity 4300K, committed 4352K, reserved 1048576K
}

